[debug] [2025-12-28T11:48:08.925Z] ----------------------------------------------------------------------
[debug] [2025-12-28T11:48:08.927Z] Command:       C:\Program Files\nodejs\node.exe C:\Users\LOQ\AppData\Roaming\npm\node_modules\firebase-tools\lib\bin\firebase.js init
[debug] [2025-12-28T11:48:08.927Z] CLI Version:   15.1.0
[debug] [2025-12-28T11:48:08.927Z] Platform:      win32
[debug] [2025-12-28T11:48:08.927Z] Node Version:  v22.16.0
[debug] [2025-12-28T11:48:08.927Z] Time:          Sun Dec 28 2025 17:18:08 GMT+0530 (India Standard Time)
[debug] [2025-12-28T11:48:08.927Z] ----------------------------------------------------------------------
[debug] 
[debug] [2025-12-28T11:48:08.929Z] >>> [apiv2][query] GET https://firebase-public.firebaseio.com/cli.json [none]
[info] 
     ######## #### ########  ######## ########     ###     ######  ########
     ##        ##  ##     ## ##       ##     ##  ##   ##  ##       ##
     ######    ##  ########  ######   ########  #########  ######  ######
     ##        ##  ##    ##  ##       ##     ## ##     ##       ## ##
     ##       #### ##     ## ######## ########  ##     ##  ######  ########

You're about to initialize a Firebase project in this directory:

  C:\Drivers\OneDrive_old\Desktop\CodeSpire 3.0

Before we get started, keep in mind:

  * You are currently outside your home directory

[debug] [2025-12-28T11:48:10.613Z] <<< [apiv2][status] GET https://firebase-public.firebaseio.com/cli.json 200
[debug] [2025-12-28T11:48:10.613Z] <<< [apiv2][body] GET https://firebase-public.firebaseio.com/cli.json {"cloudBuildErrorAfter":1594252800000,"cloudBuildWarnAfter":1590019200000,"defaultNode10After":1594252800000,"minVersion":"3.0.5","node8DeploysDisabledAfter":1613390400000,"node8RuntimeDisabledAfter":1615809600000,"node8WarnAfter":1600128000000}
